0 info it worked if it ends with ok
1 verbose cli [ '/usr/local/Cellar/node/0.10.5/bin/node',
1 verbose cli   '/usr/local/bin/npm',
1 verbose cli   'version',
1 verbose cli   'handlebars' ]
2 info using npm@1.2.18
3 info using node@v0.10.5
4 error version No package.json found
5 error Error: ENOENT, open '/Users/bmrobles/Sites/pbd_portal/app/assets/javascripts/app/templates/scientists/package.json'
6 error If you need help, you may report this log at:
6 error     <http://github.com/isaacs/npm/issues>
6 error or email it to:
6 error     <npm-@googlegroups.com>
7 error System Darwin 11.4.2
8 error command "/usr/local/Cellar/node/0.10.5/bin/node" "/usr/local/bin/npm" "version" "handlebars"
9 error cwd /Users/bmrobles/Sites/pbd_portal/app/assets/javascripts/app/templates/scientists
10 error node -v v0.10.5
11 error npm -v 1.2.18
12 error path /Users/bmrobles/Sites/pbd_portal/app/assets/javascripts/app/templates/scientists/package.json
13 error code ENOENT
14 error errno 34
15 verbose exit [ 34, true ]
